c:\users\lenovo\source\repos\chat_c\chat_c++\x64\debug\vc143.pdb
c:\users\lenovo\source\repos\chat_c\chat_c++\x64\debug\vc143.idb
c:\users\lenovo\source\repos\chat_c\chat_c++\x64\debug\user.obj
c:\users\lenovo\source\repos\chat_c\chat_c++\x64\debug\sha1.obj
c:\users\lenovo\source\repos\chat_c\chat_c++\x64\debug\messages.obj
c:\users\lenovo\source\repos\chat_c\chat_c++\x64\debug\hash_func.obj
c:\users\lenovo\source\repos\chat_c\chat_c++\x64\debug\chat_c++.obj
c:\users\lenovo\source\repos\chat_c\chat_c++\x64\debug\chat.obj
c:\users\lenovo\source\repos\chat_c\x64\debug\chat_c++.pdb
c:\users\lenovo\source\repos\chat_c\chat_c++\x64\debug\chat_c++.tlog\cl.command.1.tlog
c:\users\lenovo\source\repos\chat_c\chat_c++\x64\debug\chat_c++.tlog\cl.read.1.tlog
c:\users\lenovo\source\repos\chat_c\chat_c++\x64\debug\chat_c++.tlog\cl.write.1.tlog
c:\users\lenovo\source\repos\chat_c\chat_c++\x64\debug\chat_c++.tlog\link-cvtres.read.1.tlog
c:\users\lenovo\source\repos\chat_c\chat_c++\x64\debug\chat_c++.tlog\link-cvtres.write.1.tlog
c:\users\lenovo\source\repos\chat_c\chat_c++\x64\debug\chat_c++.tlog\link-rc.read.1.tlog
c:\users\lenovo\source\repos\chat_c\chat_c++\x64\debug\chat_c++.tlog\link-rc.write.1.tlog
c:\users\lenovo\source\repos\chat_c\chat_c++\x64\debug\chat_c++.tlog\link.command.1.tlog
c:\users\lenovo\source\repos\chat_c\chat_c++\x64\debug\chat_c++.tlog\link.read.1.tlog
c:\users\lenovo\source\repos\chat_c\chat_c++\x64\debug\chat_c++.tlog\link.read.2.tlog
c:\users\lenovo\source\repos\chat_c\chat_c++\x64\debug\chat_c++.tlog\link.read.3.tlog
c:\users\lenovo\source\repos\chat_c\chat_c++\x64\debug\chat_c++.tlog\link.write.1.tlog
